# JRE version: Java(TM) SE Runtime Environment (18.0.2+9) (build 18.0.2+9-61)
# Java VM: Java HotSpot(TM) 64-Bit Server VM (18.0.2+9-61, mixed mode, sharing, tiered, compressed oops, compressed class ptrs, g1 gc, windows-amd64)
GC Precious Log:
 CardTable entry size: 512
 Card Set container configuration: InlinePtr #cards 5 size 8 Array Of Cards #cards 12 size 40 Howl #buckets 4 coarsen threshold 1843 Howl Bitmap #cards 512 size 80 coarsen threshold 460 Card regions per heap region 1 cards per card region 2048
 CPUs: 16 total, 16 available
 Memory: 7530M
 Large Page Support: Disabled
 NUMA Support: Disabled
 Compressed Oops: Enabled (32-bit)
 Heap Region Size: 1M
 Heap Min Capacity: 8M
 Heap Initial Capacity: 118M
 Heap Max Capacity: 1884M
 Pre-touch: Disabled
 Parallel Workers: 13
 Concurrent Workers: 3
 Concurrent Refinement Workers: 13
 Periodic GC: Disabled
Heap:
 garbage-first heap   total 216064K, used 93578K [0x000000008a400000, 0x0000000100000000)
  region size 1024K, 21 young (21504K), 2 survivors (2048K)
 Metaspace       used 61747K, committed 62592K, reserved 1114112K
  class space    used 6991K, committed 7424K, reserved 1048576K
GC Heap History (20 events):
Event: 21.831 GC heap before
{Heap before GC invocations=16 (full 0):
 garbage-first heap   total 110592K, used 82351K [0x000000008a400000, 0x0000000100000000)
  region size 1024K, 35 young (35840K), 4 survivors (4096K)
 Metaspace       used 54707K, committed 55488K, reserved 1114112K
  class space    used 6500K, committed 6912K, reserved 1048576K
}
Event: 21.850 GC heap after
{Heap after GC invocations=17 (full 0):
 garbage-first heap   total 110592K, used 56226K [0x000000008a400000, 0x0000000100000000)
  region size 1024K, 4 young (4096K), 4 survivors (4096K)
 Metaspace       used 54707K, committed 55488K, reserved 1114112K
  class space    used 6500K, committed 6912K, reserved 1048576K
}
Event: 23.939 GC heap before
{Heap before GC invocations=17 (full 0):
 garbage-first heap   total 110592K, used 84898K [0x000000008a400000, 0x0000000100000000)
  region size 1024K, 32 young (32768K), 4 survivors (4096K)
 Metaspace       used 57326K, committed 58176K, reserved 1114112K
  class space    used 6668K, committed 7104K, reserved 1048576K
}
Event: 23.951 GC heap after
{Heap after GC invocations=18 (full 0):
 garbage-first heap   total 110592K, used 59228K [0x000000008a400000, 0x0000000100000000)
  region size 1024K, 3 young (3072K), 3 survivors (3072K)
 Metaspace       used 57326K, committed 58176K, reserved 1114112K
  class space    used 6668K, committed 7104K, reserved 1048576K
}
Event: 25.451 GC heap before
{Heap before GC invocations=19 (full 0):
 garbage-first heap   total 110592K, used 86876K [0x000000008a400000, 0x0000000100000000)
  region size 1024K, 30 young (30720K), 3 survivors (3072K)
 Metaspace       used 59037K, committed 59840K, reserved 1114112K
  class space    used 6811K, committed 7232K, reserved 1048576K
}
Event: 25.464 GC heap after
{Heap after GC invocations=20 (full 0):
 garbage-first heap   total 110592K, used 62838K [0x000000008a400000, 0x0000000100000000)
  region size 1024K, 4 young (4096K), 4 survivors (4096K)
 Metaspace       used 59037K, committed 59840K, reserved 1114112K
  class space    used 6811K, committed 7232K, reserved 1048576K
}
Event: 26.779 GC heap before
{Heap before GC invocations=20 (full 0):
 garbage-first heap   total 110592K, used 83318K [0x000000008a400000, 0x0000000100000000)
  region size 1024K, 25 young (25600K), 4 survivors (4096K)
 Metaspace       used 59739K, committed 60608K, reserved 1114112K
  class space    used 6844K, committed 7296K, reserved 1048576K
}
Event: 26.792 GC heap after
{Heap after GC invocations=21 (full 0):
 garbage-first heap   total 110592K, used 65097K [0x000000008a400000, 0x0000000100000000)
  region size 1024K, 3 young (3072K), 3 survivors (3072K)
 Metaspace       used 59739K, committed 60608K, reserved 1114112K
  class space    used 6844K, committed 7296K, reserved 1048576K
}
Event: 27.625 GC heap before
{Heap before GC invocations=22 (full 0):
 garbage-first heap   total 128000K, used 90697K [0x000000008a400000, 0x0000000100000000)
  region size 1024K, 25 young (25600K), 3 survivors (3072K)
 Metaspace       used 60480K, committed 61312K, reserved 1114112K
  class space    used 6921K, committed 7360K, reserved 1048576K
}
Event: 27.632 GC heap after
{Heap after GC invocations=23 (full 0):
 garbage-first heap   total 128000K, used 69410K [0x000000008a400000, 0x0000000100000000)
  region size 1024K, 3 young (3072K), 3 survivors (3072K)
 Metaspace       used 60480K, committed 61312K, reserved 1114112K
  class space    used 6921K, committed 7360K, reserved 1048576K
}
Event: 27.753 GC heap before
{Heap before GC invocations=23 (full 0):
 garbage-first heap   total 128000K, used 72482K [0x000000008a400000, 0x0000000100000000)
  region size 1024K, 6 young (6144K), 3 survivors (3072K)
 Metaspace       used 60505K, committed 61376K, reserved 1114112K
  class space    used 6921K, committed 7360K, reserved 1048576K
}
Event: 27.757 GC heap after
{Heap after GC invocations=24 (full 0):
 garbage-first heap   total 128000K, used 69682K [0x000000008a400000, 0x0000000100000000)
  region size 1024K, 1 young (1024K), 1 survivors (1024K)
 Metaspace       used 60505K, committed 61376K, reserved 1114112K
  class space    used 6921K, committed 7360K, reserved 1048576K
}
Event: 28.918 GC heap before
{Heap before GC invocations=24 (full 0):
 garbage-first heap   total 128000K, used 102450K [0x000000008a400000, 0x0000000100000000)
  region size 1024K, 33 young (33792K), 1 survivors (1024K)
 Metaspace       used 61144K, committed 62016K, reserved 1114112K
  class space    used 6977K, committed 7424K, reserved 1048576K
}
Event: 28.922 GC heap after
{Heap after GC invocations=25 (full 0):
 garbage-first heap   total 128000K, used 71778K [0x000000008a400000, 0x0000000100000000)
  region size 1024K, 3 young (3072K), 3 survivors (3072K)
 Metaspace       used 61144K, committed 62016K, reserved 1114112K
  class space    used 6977K, committed 7424K, reserved 1048576K
}
Event: 30.084 GC heap before
{Heap before GC invocations=26 (full 0):
 garbage-first heap   total 128000K, used 103522K [0x000000008a400000, 0x0000000100000000)
  region size 1024K, 34 young (34816K), 3 survivors (3072K)
 Metaspace       used 61383K, committed 62208K, reserved 1114112K
  class space    used 6984K, committed 7424K, reserved 1048576K
}
Event: 30.090 GC heap after
{Heap after GC invocations=27 (full 0):
 garbage-first heap   total 128000K, used 73879K [0x000000008a400000, 0x0000000100000000)
  region size 1024K, 5 young (5120K), 5 survivors (5120K)
 Metaspace       used 61383K, committed 62208K, reserved 1114112K
  class space    used 6984K, committed 7424K, reserved 1048576K
}
Event: 30.121 GC heap before
{Heap before GC invocations=27 (full 0):
 garbage-first heap   total 128000K, used 74903K [0x000000008a400000, 0x0000000100000000)
  region size 1024K, 6 young (6144K), 5 survivors (5120K)
 Metaspace       used 61388K, committed 62208K, reserved 1114112K
  class space    used 6984K, committed 7424K, reserved 1048576K
}
Event: 30.128 GC heap after
{Heap after GC invocations=28 (full 0):
 garbage-first heap   total 128000K, used 73932K [0x000000008a400000, 0x0000000100000000)
  region size 1024K, 1 young (1024K), 1 survivors (1024K)
 Metaspace       used 61388K, committed 62208K, reserved 1114112K
  class space    used 6984K, committed 7424K, reserved 1048576K
}
Event: 31.017 GC heap before
{Heap before GC invocations=28 (full 0):
 garbage-first heap   total 128000K, used 105676K [0x000000008a400000, 0x0000000100000000)
  region size 1024K, 32 young (32768K), 1 survivors (1024K)
 Metaspace       used 61627K, committed 62464K, reserved 1114112K
  class space    used 6985K, committed 7424K, reserved 1048576K
}
Event: 31.021 GC heap after
{Heap after GC invocations=29 (full 0):
 garbage-first heap   total 216064K, used 75146K [0x000000008a400000, 0x0000000100000000)
  region size 1024K, 2 young (2048K), 2 survivors (2048K)
 Metaspace       used 61627K, committed 62464K, reserved 1114112K
  class space    used 6985K, committed 7424K, reserved 1048576K
}

